[05/14/21 23:13:59] [ERROR] Discord terminated websocket connection; reason: Disallowed intent(s). (4014)
[05/14/21 23:13:59] [ERROR] Can't write to Discord websocket gateway: The I/O operation has been aborted because of either a thread exit or an application request (995)
[05/14/21 23:14:23] [ERROR] DCC_SendChannelMessage: invalid channel id '0'
[05/14/21 23:14:40] [ERROR] Can't write to Discord websocket gateway: The I/O operation has been aborted because of either a thread exit or an application request (995)
[05/14/21 23:15:21] [ERROR] Discord terminated websocket connection; reason: Disallowed intent(s). (4014)
[05/14/21 23:15:21] [ERROR] Can't write to Discord websocket gateway: The I/O operation has been aborted because of either a thread exit or an application request (995)
[05/14/21 23:16:02] [ERROR] Can't write to Discord websocket gateway: The I/O operation has been aborted because of either a thread exit or an application request (995)
[05/14/21 23:17:10] [ERROR] Can't write to Discord websocket gateway: The I/O operation has been aborted because of either a thread exit or an application request (995)
[05/14/21 23:30:24] [ERROR] DCC_SendChannelMessage: could not prepare callback
[05/14/21 23:30:47] [ERROR] DCC_SendChannelMessage: could not prepare callback
[05/14/21 23:34:00] [ERROR] DCC_SendChannelMessage: could not prepare callback
[05/14/21 23:34:55] [ERROR] Can't write to Discord websocket gateway: The I/O operation has been aborted because of either a thread exit or an application request (995)
[05/14/21 23:38:52] [ERROR] Discord terminated websocket connection; reason:  (0)
[05/14/21 23:38:52] [ERROR] Can't write to Discord websocket gateway: The I/O operation has been aborted because of either a thread exit or an application request (995)
[05/15/21 14:09:12] [ERROR] Can't write to Discord websocket gateway: The I/O operation has been aborted because of either a thread exit or an application request (995)
[05/15/21 16:05:19] [ERROR] Can't write to Discord websocket gateway: The I/O operation has been aborted because of either a thread exit or an application request (995)
[05/15/21 16:07:11] [WARNING] Unknown gateway event 'GUILD_JOIN_REQUEST_DELETE'
[05/15/21 16:07:44] [WARNING] Unknown gateway event 'GUILD_JOIN_REQUEST_DELETE'
[05/15/21 18:08:33] [ERROR] Can't read from Discord websocket gateway: The semaphore timeout period has expired (121)
[05/15/21 18:08:33] [ERROR] Can't write to Discord websocket gateway: The I/O operation has been aborted because of either a thread exit or an application request (995)
[05/15/21 19:00:30] [ERROR] can't update guild member presence: user id "610958450419302450" not cached
[05/15/21 19:00:32] [ERROR] can't update guild member presence: user id "610958450419302450" not cached
[05/16/21 23:01:53] [ERROR] Can't write to Discord websocket gateway: The I/O operation has been aborted because of either a thread exit or an application request (995)
[05/16/21 23:47:55] [ERROR] Can't establish secured connection to Discord gateway: An existing connection was forcibly closed by the remote host (10054)
[05/16/21 23:48:22] [ERROR] Discord terminated websocket connection; reason: Not authenticated. (4003)
[05/16/21 23:48:45] [ERROR] Can't resolve Discord API URL: No such host is known (11001)
[05/16/21 23:50:31] [ERROR] Can't establish secured connection to Discord API: An existing connection was forcibly closed by the remote host (10054)
[05/16/21 23:51:29] [ERROR] Can't establish secured connection to Discord API: An existing connection was forcibly closed by the remote host (10054)
[05/16/21 23:52:34] [ERROR] Can't establish secured connection to Discord API: An existing connection was forcibly closed by the remote host (10054)
[05/16/21 23:53:49] [ERROR] Can't read from Discord websocket gateway: The network connection was aborted by the local system (1236)
[05/16/21 23:54:52] [ERROR] Can't establish secured connection to Discord API: An existing connection was forcibly closed by the remote host (10054)
[05/18/21 21:37:12] [ERROR] Can't read from Discord websocket gateway: The semaphore timeout period has expired (121)
[05/18/21 21:37:12] [ERROR] Can't write to Discord websocket gateway: The I/O operation has been aborted because of either a thread exit or an application request (995)
[05/18/21 21:37:23] [ERROR] Can't resolve Discord gateway URL 'gateway.discord.gg': No such host is known (11001)
[05/18/21 21:37:28] [ERROR] Can't resolve Discord gateway URL 'gateway.discord.gg': No such host is known (11001)
[05/18/21 21:37:38] [ERROR] Can't resolve Discord gateway URL 'gateway.discord.gg': No such host is known (11001)
[05/18/21 21:38:04] [ERROR] Can't resolve Discord gateway URL 'gateway.discord.gg': No such host is known (11001)
[05/18/21 21:38:35] [ERROR] Can't resolve Discord gateway URL 'gateway.discord.gg': No such host is known (11001)
[05/18/21 21:39:11] [ERROR] Can't resolve Discord gateway URL 'gateway.discord.gg': No such host is known (11001)
[05/18/21 21:39:52] [ERROR] Can't resolve Discord gateway URL 'gateway.discord.gg': No such host is known (11001)
[05/18/21 21:40:39] [ERROR] Can't resolve Discord gateway URL 'gateway.discord.gg': No such host is known (11001)
[05/18/21 21:41:19] [ERROR] Can't resolve Discord gateway URL 'gateway.discord.gg': No such host is known (11001)
[05/18/21 21:42:04] [ERROR] Can't resolve Discord gateway URL 'gateway.discord.gg': No such host is known (11001)
[05/18/21 21:43:05] [ERROR] Can't resolve Discord gateway URL 'gateway.discord.gg': No such host is known (11001)
[05/18/21 21:44:11] [ERROR] Can't resolve Discord gateway URL 'gateway.discord.gg': No such host is known (11001)
[05/18/21 21:45:22] [ERROR] Can't resolve Discord gateway URL 'gateway.discord.gg': No such host is known (11001)
[05/18/21 21:46:22] [ERROR] Can't resolve Discord gateway URL 'gateway.discord.gg': No such host is known (11001)
[05/18/21 21:47:22] [ERROR] Can't resolve Discord gateway URL 'gateway.discord.gg': No such host is known (11001)
[05/18/21 21:48:22] [ERROR] Can't resolve Discord gateway URL 'gateway.discord.gg': No such host is known (11001)
[05/18/21 21:49:22] [ERROR] Can't resolve Discord gateway URL 'gateway.discord.gg': No such host is known (11001)
[05/18/21 22:38:12] [ERROR] Can't write to Discord websocket gateway: The I/O operation has been aborted because of either a thread exit or an application request (995)
