[20:18:22] [WARNING] mysql_connect: no password specified (C:\Users\vlogs\Desktop\BlackMoon Community\BlackMoon-Gamemode\pawno\include\modules\functions.pwn:5 -> C:\Users\vlogs\Desktop\BlackMoon Community\BlackMoon-Gamemode\gamemodes\fromzero.pwn:101 -> C:\Users\vlogs\Desktop\BlackMoon Community\BlackMoon-Gamemode\pawno\include\callbacks.inc:698 -> C:\Users\vlogs\Desktop\BlackMoon Community\BlackMoon-Gamemode\pawno\include\sscanf2.inc:211 -> C:\Users\vlogs\Desktop\BlackMoon Community\BlackMoon-Gamemode\pawno\include\Pawn.CMD.inc:127 -> C:\Users\vlogs\Desktop\BlackMoon Community\BlackMoon-Gamemode\pawno\include\YSI\..\YSI_Data\..\YSI_Coding\..\YSI_Internal\y_cgen.inc:114 -> C:\Users\vlogs\Desktop\BlackMoon Community\BlackMoon-Gamemode\pawno\include\YSI\..\YSI_Data\..\YSI_Internal\..\YSI_Core\..\YSI_Internal\..\YSI_Server\y_scriptinit.inc:236)
[20:18:22] [ERROR] mysql_tquery: callback error: callback "LoadPickups" does not exist (C:\Users\vlogs\Desktop\BlackMoon Community\BlackMoon-Gamemode\pawno\include\modules\functions.pwn:19 -> C:\Users\vlogs\Desktop\BlackMoon Community\BlackMoon-Gamemode\gamemodes\fromzero.pwn:101 -> C:\Users\vlogs\Desktop\BlackMoon Community\BlackMoon-Gamemode\pawno\include\callbacks.inc:698 -> C:\Users\vlogs\Desktop\BlackMoon Community\BlackMoon-Gamemode\pawno\include\sscanf2.inc:211 -> C:\Users\vlogs\Desktop\BlackMoon Community\BlackMoon-Gamemode\pawno\include\Pawn.CMD.inc:127 -> C:\Users\vlogs\Desktop\BlackMoon Community\BlackMoon-Gamemode\pawno\include\YSI\..\YSI_Data\..\YSI_Coding\..\YSI_Internal\y_cgen.inc:114 -> C:\Users\vlogs\Desktop\BlackMoon Community\BlackMoon-Gamemode\pawno\include\YSI\..\YSI_Data\..\YSI_Internal\..\YSI_Core\..\YSI_Internal\..\YSI_Server\y_scriptinit.inc:236)
[20:18:22] [ERROR] mysql_tquery: callback error: callback "LoadLabels" does not exist (C:\Users\vlogs\Desktop\BlackMoon Community\BlackMoon-Gamemode\pawno\include\modules\functions.pwn:20 -> C:\Users\vlogs\Desktop\BlackMoon Community\BlackMoon-Gamemode\gamemodes\fromzero.pwn:101 -> C:\Users\vlogs\Desktop\BlackMoon Community\BlackMoon-Gamemode\pawno\include\callbacks.inc:698 -> C:\Users\vlogs\Desktop\BlackMoon Community\BlackMoon-Gamemode\pawno\include\sscanf2.inc:211 -> C:\Users\vlogs\Desktop\BlackMoon Community\BlackMoon-Gamemode\pawno\include\Pawn.CMD.inc:127 -> C:\Users\vlogs\Desktop\BlackMoon Community\BlackMoon-Gamemode\pawno\include\YSI\..\YSI_Data\..\YSI_Coding\..\YSI_Internal\y_cgen.inc:114 -> C:\Users\vlogs\Desktop\BlackMoon Community\BlackMoon-Gamemode\pawno\include\YSI\..\YSI_Data\..\YSI_Internal\..\YSI_Core\..\YSI_Internal\..\YSI_Server\y_scriptinit.inc:236)
[20:18:22] [ERROR] cache_get_value_name_int: invalid row index '43' (number of rows: '43') (C:\Users\vlogs\Desktop\BlackMoon Community\BlackMoon-Gamemode\pawno\include\modules\turfs.pwn:25)
[20:18:22] [ERROR] cache_get_value_name_int: invalid row index '43' (number of rows: '43') (C:\Users\vlogs\Desktop\BlackMoon Community\BlackMoon-Gamemode\pawno\include\modules\turfs.pwn:26)
[20:18:22] [ERROR] cache_get_value_name_float: invalid row index '43' (number of rows: '43') (C:\Users\vlogs\Desktop\BlackMoon Community\BlackMoon-Gamemode\pawno\include\modules\turfs.pwn:27)
[20:18:22] [ERROR] cache_get_value_name_float: invalid row index '43' (number of rows: '43') (C:\Users\vlogs\Desktop\BlackMoon Community\BlackMoon-Gamemode\pawno\include\modules\turfs.pwn:28)
[20:18:22] [ERROR] cache_get_value_name_float: invalid row index '43' (number of rows: '43') (C:\Users\vlogs\Desktop\BlackMoon Community\BlackMoon-Gamemode\pawno\include\modules\turfs.pwn:29)
[20:18:22] [ERROR] cache_get_value_name_float: invalid row index '43' (number of rows: '43') (C:\Users\vlogs\Desktop\BlackMoon Community\BlackMoon-Gamemode\pawno\include\modules\turfs.pwn:30)
[20:18:22] [ERROR] cache_get_value_name: field 'Color' not found (C:\Users\vlogs\Desktop\BlackMoon Community\BlackMoon-Gamemode\pawno\include\modules\clans.pwn:43)
[20:19:18] [ERROR] cache_get_value_name_int: field 'Clan' not found (C:\Users\vlogs\Desktop\BlackMoon Community\BlackMoon-Gamemode\pawno\include\modules\functions.pwn:159)
[20:19:18] [ERROR] cache_get_value_name_int: field 'ClanRank' not found (C:\Users\vlogs\Desktop\BlackMoon Community\BlackMoon-Gamemode\pawno\include\modules\functions.pwn:160)
[20:19:18] [ERROR] cache_get_value_name_int: field 'ClanAge' not found (C:\Users\vlogs\Desktop\BlackMoon Community\BlackMoon-Gamemode\pawno\include\modules\functions.pwn:161)
[20:19:18] [ERROR] cache_get_value_name_int: field 'ClanWarns' not found (C:\Users\vlogs\Desktop\BlackMoon Community\BlackMoon-Gamemode\pawno\include\modules\functions.pwn:162)
[20:19:18] [ERROR] cache_get_value_name_int: field 'ClanTag' not found (C:\Users\vlogs\Desktop\BlackMoon Community\BlackMoon-Gamemode\pawno\include\modules\functions.pwn:163)
[20:19:51] [ERROR] cache_get_value_name_int: field 'Clan' not found (C:\Users\vlogs\Desktop\BlackMoon Community\BlackMoon-Gamemode\pawno\include\modules\functions.pwn:159)
[20:19:51] [ERROR] cache_get_value_name_int: field 'ClanRank' not found (C:\Users\vlogs\Desktop\BlackMoon Community\BlackMoon-Gamemode\pawno\include\modules\functions.pwn:160)
[20:19:51] [ERROR] cache_get_value_name_int: field 'ClanAge' not found (C:\Users\vlogs\Desktop\BlackMoon Community\BlackMoon-Gamemode\pawno\include\modules\functions.pwn:161)
[20:19:51] [ERROR] cache_get_value_name_int: field 'ClanWarns' not found (C:\Users\vlogs\Desktop\BlackMoon Community\BlackMoon-Gamemode\pawno\include\modules\functions.pwn:162)
[20:19:51] [ERROR] cache_get_value_name_int: field 'ClanTag' not found (C:\Users\vlogs\Desktop\BlackMoon Community\BlackMoon-Gamemode\pawno\include\modules\functions.pwn:163)
[20:37:47] [WARNING] mysql_connect: no password specified (C:\Users\vlogs\Desktop\BlackMoon Community\BlackMoon-Gamemode\pawno\include\modules\functions.pwn:5 -> C:\Users\vlogs\Desktop\BlackMoon Community\BlackMoon-Gamemode\gamemodes\fromzero.pwn:101 -> C:\Users\vlogs\Desktop\BlackMoon Community\BlackMoon-Gamemode\pawno\include\callbacks.inc:698 -> C:\Users\vlogs\Desktop\BlackMoon Community\BlackMoon-Gamemode\pawno\include\sscanf2.inc:211 -> C:\Users\vlogs\Desktop\BlackMoon Community\BlackMoon-Gamemode\pawno\include\Pawn.CMD.inc:127 -> C:\Users\vlogs\Desktop\BlackMoon Community\BlackMoon-Gamemode\pawno\include\YSI\..\YSI_Data\..\YSI_Coding\..\YSI_Internal\y_cgen.inc:114 -> C:\Users\vlogs\Desktop\BlackMoon Community\BlackMoon-Gamemode\pawno\include\YSI\..\YSI_Data\..\YSI_Internal\..\YSI_Core\..\YSI_Internal\..\YSI_Server\y_scriptinit.inc:236)
[20:37:47] [ERROR] mysql_tquery: callback error: callback "LoadPickups" does not exist (C:\Users\vlogs\Desktop\BlackMoon Community\BlackMoon-Gamemode\pawno\include\modules\functions.pwn:19 -> C:\Users\vlogs\Desktop\BlackMoon Community\BlackMoon-Gamemode\gamemodes\fromzero.pwn:101 -> C:\Users\vlogs\Desktop\BlackMoon Community\BlackMoon-Gamemode\pawno\include\callbacks.inc:698 -> C:\Users\vlogs\Desktop\BlackMoon Community\BlackMoon-Gamemode\pawno\include\sscanf2.inc:211 -> C:\Users\vlogs\Desktop\BlackMoon Community\BlackMoon-Gamemode\pawno\include\Pawn.CMD.inc:127 -> C:\Users\vlogs\Desktop\BlackMoon Community\BlackMoon-Gamemode\pawno\include\YSI\..\YSI_Data\..\YSI_Coding\..\YSI_Internal\y_cgen.inc:114 -> C:\Users\vlogs\Desktop\BlackMoon Community\BlackMoon-Gamemode\pawno\include\YSI\..\YSI_Data\..\YSI_Internal\..\YSI_Core\..\YSI_Internal\..\YSI_Server\y_scriptinit.inc:236)
[20:37:47] [ERROR] mysql_tquery: callback error: callback "LoadLabels" does not exist (C:\Users\vlogs\Desktop\BlackMoon Community\BlackMoon-Gamemode\pawno\include\modules\functions.pwn:20 -> C:\Users\vlogs\Desktop\BlackMoon Community\BlackMoon-Gamemode\gamemodes\fromzero.pwn:101 -> C:\Users\vlogs\Desktop\BlackMoon Community\BlackMoon-Gamemode\pawno\include\callbacks.inc:698 -> C:\Users\vlogs\Desktop\BlackMoon Community\BlackMoon-Gamemode\pawno\include\sscanf2.inc:211 -> C:\Users\vlogs\Desktop\BlackMoon Community\BlackMoon-Gamemode\pawno\include\Pawn.CMD.inc:127 -> C:\Users\vlogs\Desktop\BlackMoon Community\BlackMoon-Gamemode\pawno\include\YSI\..\YSI_Data\..\YSI_Coding\..\YSI_Internal\y_cgen.inc:114 -> C:\Users\vlogs\Desktop\BlackMoon Community\BlackMoon-Gamemode\pawno\include\YSI\..\YSI_Data\..\YSI_Internal\..\YSI_Core\..\YSI_Internal\..\YSI_Server\y_scriptinit.inc:236)
[20:37:47] [ERROR] cache_get_value_name_int: invalid row index '43' (number of rows: '43') (C:\Users\vlogs\Desktop\BlackMoon Community\BlackMoon-Gamemode\pawno\include\modules\turfs.pwn:25)
[20:37:47] [ERROR] cache_get_value_name_int: invalid row index '43' (number of rows: '43') (C:\Users\vlogs\Desktop\BlackMoon Community\BlackMoon-Gamemode\pawno\include\modules\turfs.pwn:26)
[20:37:47] [ERROR] cache_get_value_name_float: invalid row index '43' (number of rows: '43') (C:\Users\vlogs\Desktop\BlackMoon Community\BlackMoon-Gamemode\pawno\include\modules\turfs.pwn:27)
[20:37:47] [ERROR] cache_get_value_name_float: invalid row index '43' (number of rows: '43') (C:\Users\vlogs\Desktop\BlackMoon Community\BlackMoon-Gamemode\pawno\include\modules\turfs.pwn:28)
[20:37:47] [ERROR] cache_get_value_name_float: invalid row index '43' (number of rows: '43') (C:\Users\vlogs\Desktop\BlackMoon Community\BlackMoon-Gamemode\pawno\include\modules\turfs.pwn:29)
[20:37:47] [ERROR] cache_get_value_name_float: invalid row index '43' (number of rows: '43') (C:\Users\vlogs\Desktop\BlackMoon Community\BlackMoon-Gamemode\pawno\include\modules\turfs.pwn:30)
[20:37:47] [ERROR] cache_get_value_name: field 'Color' not found (C:\Users\vlogs\Desktop\BlackMoon Community\BlackMoon-Gamemode\pawno\include\modules\clans.pwn:43)
[20:53:14] [ERROR] CConnection::CConnection - establishing connection to MySQL database failed: #1045 'Access denied for user 'client106_samp'@'93.122.251.184' (using password: YES)'
[20:53:14] [ERROR] CConnection::CConnection - establishing connection to MySQL database failed: #1045 'Access denied for user 'client106_samp'@'93.122.251.184' (using password: YES)'
[20:53:15] [ERROR] CConnection::CConnection - establishing connection to MySQL database failed: #1045 'Access denied for user 'client106_samp'@'93.122.251.184' (using password: YES)'
[20:53:15] [ERROR] CConnection::CConnection - establishing connection to MySQL database failed: #1045 'Access denied for user 'client106_samp'@'93.122.251.184' (using password: YES)'
[20:53:15] [ERROR] mysql_format: invalid connection handle '1'
[20:53:15] [ERROR] mysql_tquery: invalid connection handle '1'
[20:53:16] [ERROR] mysql_unprocessed_queries: invalid connection handle '1'
[20:53:18] [ERROR] mysql_unprocessed_queries: invalid connection handle '1'
[20:53:19] [ERROR] mysql_unprocessed_queries: invalid connection handle '1'
[20:53:20] [ERROR] mysql_unprocessed_queries: invalid connection handle '1'
[20:53:21] [ERROR] mysql_unprocessed_queries: invalid connection handle '1'
[20:53:22] [ERROR] mysql_unprocessed_queries: invalid connection handle '1'
[20:53:23] [ERROR] mysql_unprocessed_queries: invalid connection handle '1'
[20:53:24] [ERROR] mysql_unprocessed_queries: invalid connection handle '1'
[20:53:25] [ERROR] mysql_unprocessed_queries: invalid connection handle '1'
[20:53:26] [ERROR] mysql_unprocessed_queries: invalid connection handle '1'
[20:53:28] [ERROR] mysql_unprocessed_queries: invalid connection handle '1'
[20:53:29] [ERROR] mysql_unprocessed_queries: invalid connection handle '1'
[20:53:29] [ERROR] mysql_tquery: invalid connection handle '1'
[20:53:29] [ERROR] mysql_close: invalid connection handle '1'
[20:53:45] [WARNING] mysql_connect: no password specified
[20:53:45] [ERROR] cache_get_value_name_int: invalid row index '43' (number of rows: '43')
[20:53:45] [ERROR] cache_get_value_name_int: invalid row index '43' (number of rows: '43')
[20:53:45] [ERROR] cache_get_value_name_float: invalid row index '43' (number of rows: '43')
[20:53:45] [ERROR] cache_get_value_name_float: invalid row index '43' (number of rows: '43')
[20:53:45] [ERROR] cache_get_value_name_float: invalid row index '43' (number of rows: '43')
[20:53:45] [ERROR] cache_get_value_name_float: invalid row index '43' (number of rows: '43')
[20:53:45] [ERROR] cache_get_value_name: field 'Color' not found
[20:55:07] [ERROR] cache_get_value_name: invalid row index '1' (number of rows: '1')
[20:55:07] [ERROR] cache_get_value_name: invalid row index '1' (number of rows: '1')
[20:55:07] [ERROR] cache_get_value_name: invalid row index '1' (number of rows: '1')
[20:56:33] [WARNING] mysql_connect: no password specified
[20:56:33] [ERROR] cache_get_value_name_int: invalid row index '43' (number of rows: '43')
[20:56:33] [ERROR] cache_get_value_name_int: invalid row index '43' (number of rows: '43')
[20:56:33] [ERROR] cache_get_value_name_float: invalid row index '43' (number of rows: '43')
[20:56:33] [ERROR] cache_get_value_name_float: invalid row index '43' (number of rows: '43')
[20:56:33] [ERROR] cache_get_value_name_float: invalid row index '43' (number of rows: '43')
[20:56:33] [ERROR] cache_get_value_name_float: invalid row index '43' (number of rows: '43')
[20:56:33] [ERROR] cache_get_value_name: field 'Color' not found
[20:56:53] [ERROR] cache_get_value_name: invalid row index '1' (number of rows: '1')
[20:56:53] [ERROR] cache_get_value_name: invalid row index '1' (number of rows: '1')
[20:56:53] [ERROR] cache_get_value_name: invalid row index '1' (number of rows: '1')
[21:01:06] [ERROR] cache_get_value_name: invalid row index '1' (number of rows: '1')
[21:01:06] [ERROR] cache_get_value_name: invalid row index '1' (number of rows: '1')
[21:01:06] [ERROR] cache_get_value_name: invalid row index '1' (number of rows: '1')
[21:03:59] [ERROR] cache_get_value_name: invalid row index '1' (number of rows: '1')
[21:03:59] [ERROR] cache_get_value_name: invalid row index '1' (number of rows: '1')
[21:03:59] [ERROR] cache_get_value_name: invalid row index '1' (number of rows: '1')
[21:04:14] [WARNING] mysql_connect: no password specified (C:\Users\vlogs\Desktop\BlackMoon Community\BlackMoon-Gamemode\pawno\include\modules\functions.pwn:5 -> C:\Users\vlogs\Desktop\BlackMoon Community\BlackMoon-Gamemode\gamemodes\fromzero.pwn:101 -> C:\Users\vlogs\Desktop\BlackMoon Community\BlackMoon-Gamemode\pawno\include\callbacks.inc:698 -> C:\Users\vlogs\Desktop\BlackMoon Community\BlackMoon-Gamemode\pawno\include\sscanf2.inc:211 -> C:\Users\vlogs\Desktop\BlackMoon Community\BlackMoon-Gamemode\pawno\include\Pawn.CMD.inc:127 -> C:\Users\vlogs\Desktop\BlackMoon Community\BlackMoon-Gamemode\pawno\include\YSI\..\YSI_Data\..\YSI_Coding\..\YSI_Internal\y_cgen.inc:114 -> C:\Users\vlogs\Desktop\BlackMoon Community\BlackMoon-Gamemode\pawno\include\YSI\..\YSI_Data\..\YSI_Internal\..\YSI_Core\..\YSI_Internal\..\YSI_Server\y_scriptinit.inc:236)
[21:04:14] [ERROR] mysql_tquery: callback error: callback "LoadPickups" does not exist (C:\Users\vlogs\Desktop\BlackMoon Community\BlackMoon-Gamemode\pawno\include\modules\functions.pwn:19 -> C:\Users\vlogs\Desktop\BlackMoon Community\BlackMoon-Gamemode\gamemodes\fromzero.pwn:101 -> C:\Users\vlogs\Desktop\BlackMoon Community\BlackMoon-Gamemode\pawno\include\callbacks.inc:698 -> C:\Users\vlogs\Desktop\BlackMoon Community\BlackMoon-Gamemode\pawno\include\sscanf2.inc:211 -> C:\Users\vlogs\Desktop\BlackMoon Community\BlackMoon-Gamemode\pawno\include\Pawn.CMD.inc:127 -> C:\Users\vlogs\Desktop\BlackMoon Community\BlackMoon-Gamemode\pawno\include\YSI\..\YSI_Data\..\YSI_Coding\..\YSI_Internal\y_cgen.inc:114 -> C:\Users\vlogs\Desktop\BlackMoon Community\BlackMoon-Gamemode\pawno\include\YSI\..\YSI_Data\..\YSI_Internal\..\YSI_Core\..\YSI_Internal\..\YSI_Server\y_scriptinit.inc:236)
[21:04:14] [ERROR] mysql_tquery: callback error: callback "LoadLabels" does not exist (C:\Users\vlogs\Desktop\BlackMoon Community\BlackMoon-Gamemode\pawno\include\modules\functions.pwn:20 -> C:\Users\vlogs\Desktop\BlackMoon Community\BlackMoon-Gamemode\gamemodes\fromzero.pwn:101 -> C:\Users\vlogs\Desktop\BlackMoon Community\BlackMoon-Gamemode\pawno\include\callbacks.inc:698 -> C:\Users\vlogs\Desktop\BlackMoon Community\BlackMoon-Gamemode\pawno\include\sscanf2.inc:211 -> C:\Users\vlogs\Desktop\BlackMoon Community\BlackMoon-Gamemode\pawno\include\Pawn.CMD.inc:127 -> C:\Users\vlogs\Desktop\BlackMoon Community\BlackMoon-Gamemode\pawno\include\YSI\..\YSI_Data\..\YSI_Coding\..\YSI_Internal\y_cgen.inc:114 -> C:\Users\vlogs\Desktop\BlackMoon Community\BlackMoon-Gamemode\pawno\include\YSI\..\YSI_Data\..\YSI_Internal\..\YSI_Core\..\YSI_Internal\..\YSI_Server\y_scriptinit.inc:236)
[21:04:14] [ERROR] cache_get_value_name_int: invalid row index '43' (number of rows: '43') (C:\Users\vlogs\Desktop\BlackMoon Community\BlackMoon-Gamemode\pawno\include\modules\turfs.pwn:25)
[21:04:14] [ERROR] cache_get_value_name_int: invalid row index '43' (number of rows: '43') (C:\Users\vlogs\Desktop\BlackMoon Community\BlackMoon-Gamemode\pawno\include\modules\turfs.pwn:26)
[21:04:14] [ERROR] cache_get_value_name_float: invalid row index '43' (number of rows: '43') (C:\Users\vlogs\Desktop\BlackMoon Community\BlackMoon-Gamemode\pawno\include\modules\turfs.pwn:27)
[21:04:14] [ERROR] cache_get_value_name_float: invalid row index '43' (number of rows: '43') (C:\Users\vlogs\Desktop\BlackMoon Community\BlackMoon-Gamemode\pawno\include\modules\turfs.pwn:28)
[21:04:14] [ERROR] cache_get_value_name_float: invalid row index '43' (number of rows: '43') (C:\Users\vlogs\Desktop\BlackMoon Community\BlackMoon-Gamemode\pawno\include\modules\turfs.pwn:29)
[21:04:14] [ERROR] cache_get_value_name_float: invalid row index '43' (number of rows: '43') (C:\Users\vlogs\Desktop\BlackMoon Community\BlackMoon-Gamemode\pawno\include\modules\turfs.pwn:30)
[21:04:14] [ERROR] cache_get_value_name: field 'Color' not found (C:\Users\vlogs\Desktop\BlackMoon Community\BlackMoon-Gamemode\pawno\include\modules\clans.pwn:43)
[21:04:21] [ERROR] cache_get_value_name: invalid row index '1' (number of rows: '1') (C:\Users\vlogs\Desktop\BlackMoon Community\BlackMoon-Gamemode\pawno\include\modules\emails.pwn:13)
[21:04:21] [ERROR] cache_get_value_name: invalid row index '1' (number of rows: '1') (C:\Users\vlogs\Desktop\BlackMoon Community\BlackMoon-Gamemode\pawno\include\modules\emails.pwn:14)
[21:04:21] [ERROR] cache_get_value_name: invalid row index '1' (number of rows: '1') (C:\Users\vlogs\Desktop\BlackMoon Community\BlackMoon-Gamemode\pawno\include\modules\emails.pwn:15)
[21:07:09] [ERROR] cache_get_value_name: invalid row index '2' (number of rows: '2') (C:\Users\vlogs\Desktop\BlackMoon Community\BlackMoon-Gamemode\pawno\include\modules\emails.pwn:13)
[21:07:09] [ERROR] cache_get_value_name: invalid row index '2' (number of rows: '2') (C:\Users\vlogs\Desktop\BlackMoon Community\BlackMoon-Gamemode\pawno\include\modules\emails.pwn:14)
[21:07:09] [ERROR] cache_get_value_name: invalid row index '2' (number of rows: '2') (C:\Users\vlogs\Desktop\BlackMoon Community\BlackMoon-Gamemode\pawno\include\modules\emails.pwn:15)
[21:07:32] [WARNING] mysql_connect: no password specified (C:\Users\vlogs\Desktop\BlackMoon Community\BlackMoon-Gamemode\pawno\include\modules\functions.pwn:5 -> C:\Users\vlogs\Desktop\BlackMoon Community\BlackMoon-Gamemode\gamemodes\fromzero.pwn:101 -> C:\Users\vlogs\Desktop\BlackMoon Community\BlackMoon-Gamemode\pawno\include\callbacks.inc:698 -> C:\Users\vlogs\Desktop\BlackMoon Community\BlackMoon-Gamemode\pawno\include\sscanf2.inc:211 -> C:\Users\vlogs\Desktop\BlackMoon Community\BlackMoon-Gamemode\pawno\include\Pawn.CMD.inc:127 -> C:\Users\vlogs\Desktop\BlackMoon Community\BlackMoon-Gamemode\pawno\include\YSI\..\YSI_Data\..\YSI_Coding\..\YSI_Internal\y_cgen.inc:114 -> C:\Users\vlogs\Desktop\BlackMoon Community\BlackMoon-Gamemode\pawno\include\YSI\..\YSI_Data\..\YSI_Internal\..\YSI_Core\..\YSI_Internal\..\YSI_Server\y_scriptinit.inc:236)
[21:07:32] [ERROR] mysql_tquery: callback error: callback "LoadPickups" does not exist (C:\Users\vlogs\Desktop\BlackMoon Community\BlackMoon-Gamemode\pawno\include\modules\functions.pwn:19 -> C:\Users\vlogs\Desktop\BlackMoon Community\BlackMoon-Gamemode\gamemodes\fromzero.pwn:101 -> C:\Users\vlogs\Desktop\BlackMoon Community\BlackMoon-Gamemode\pawno\include\callbacks.inc:698 -> C:\Users\vlogs\Desktop\BlackMoon Community\BlackMoon-Gamemode\pawno\include\sscanf2.inc:211 -> C:\Users\vlogs\Desktop\BlackMoon Community\BlackMoon-Gamemode\pawno\include\Pawn.CMD.inc:127 -> C:\Users\vlogs\Desktop\BlackMoon Community\BlackMoon-Gamemode\pawno\include\YSI\..\YSI_Data\..\YSI_Coding\..\YSI_Internal\y_cgen.inc:114 -> C:\Users\vlogs\Desktop\BlackMoon Community\BlackMoon-Gamemode\pawno\include\YSI\..\YSI_Data\..\YSI_Internal\..\YSI_Core\..\YSI_Internal\..\YSI_Server\y_scriptinit.inc:236)
[21:07:32] [ERROR] mysql_tquery: callback error: callback "LoadLabels" does not exist (C:\Users\vlogs\Desktop\BlackMoon Community\BlackMoon-Gamemode\pawno\include\modules\functions.pwn:20 -> C:\Users\vlogs\Desktop\BlackMoon Community\BlackMoon-Gamemode\gamemodes\fromzero.pwn:101 -> C:\Users\vlogs\Desktop\BlackMoon Community\BlackMoon-Gamemode\pawno\include\callbacks.inc:698 -> C:\Users\vlogs\Desktop\BlackMoon Community\BlackMoon-Gamemode\pawno\include\sscanf2.inc:211 -> C:\Users\vlogs\Desktop\BlackMoon Community\BlackMoon-Gamemode\pawno\include\Pawn.CMD.inc:127 -> C:\Users\vlogs\Desktop\BlackMoon Community\BlackMoon-Gamemode\pawno\include\YSI\..\YSI_Data\..\YSI_Coding\..\YSI_Internal\y_cgen.inc:114 -> C:\Users\vlogs\Desktop\BlackMoon Community\BlackMoon-Gamemode\pawno\include\YSI\..\YSI_Data\..\YSI_Internal\..\YSI_Core\..\YSI_Internal\..\YSI_Server\y_scriptinit.inc:236)
[21:07:32] [ERROR] cache_get_value_name_int: invalid row index '43' (number of rows: '43') (C:\Users\vlogs\Desktop\BlackMoon Community\BlackMoon-Gamemode\pawno\include\modules\turfs.pwn:25)
[21:07:32] [ERROR] cache_get_value_name_int: invalid row index '43' (number of rows: '43') (C:\Users\vlogs\Desktop\BlackMoon Community\BlackMoon-Gamemode\pawno\include\modules\turfs.pwn:26)
[21:07:32] [ERROR] cache_get_value_name_float: invalid row index '43' (number of rows: '43') (C:\Users\vlogs\Desktop\BlackMoon Community\BlackMoon-Gamemode\pawno\include\modules\turfs.pwn:27)
[21:07:32] [ERROR] cache_get_value_name_float: invalid row index '43' (number of rows: '43') (C:\Users\vlogs\Desktop\BlackMoon Community\BlackMoon-Gamemode\pawno\include\modules\turfs.pwn:28)
[21:07:32] [ERROR] cache_get_value_name_float: invalid row index '43' (number of rows: '43') (C:\Users\vlogs\Desktop\BlackMoon Community\BlackMoon-Gamemode\pawno\include\modules\turfs.pwn:29)
[21:07:32] [ERROR] cache_get_value_name_float: invalid row index '43' (number of rows: '43') (C:\Users\vlogs\Desktop\BlackMoon Community\BlackMoon-Gamemode\pawno\include\modules\turfs.pwn:30)
[21:07:32] [ERROR] cache_get_value_name: field 'Color' not found (C:\Users\vlogs\Desktop\BlackMoon Community\BlackMoon-Gamemode\pawno\include\modules\clans.pwn:43)
[21:08:55] [WARNING] mysql_connect: no password specified
[21:08:55] [ERROR] cache_get_value_name_int: invalid row index '43' (number of rows: '43')
[21:08:55] [ERROR] cache_get_value_name_int: invalid row index '43' (number of rows: '43')
[21:08:55] [ERROR] cache_get_value_name_float: invalid row index '43' (number of rows: '43')
[21:08:55] [ERROR] cache_get_value_name_float: invalid row index '43' (number of rows: '43')
[21:08:55] [ERROR] cache_get_value_name_float: invalid row index '43' (number of rows: '43')
[21:08:55] [ERROR] cache_get_value_name_float: invalid row index '43' (number of rows: '43')
[21:08:55] [ERROR] cache_get_value_name: field 'Color' not found
