[13:42:19] [plugins/mysql] mysql_tquery: callback error: callback "LoadPickups" does not exist (C:\Users\vlogs\Desktop\Proiect0\pawno\include\modules\functions.pwn:19 -> C:\Users\vlogs\Desktop\Proiect0\gamemodes\fromzero.pwn:68 -> C:\Users\vlogs\Desktop\Proiect0\pawno\include\callbacks.inc:698 -> C:\Users\vlogs\Desktop\Proiect0\pawno\include\sscanf2.inc:211 -> C:\Users\vlogs\Desktop\Proiect0\pawno\include\YSI\..\YSI_Data\..\YSI_Coding\..\YSI_Internal\y_cgen.inc:114 -> C:\Users\vlogs\Desktop\Proiect0\pawno\include\YSI\..\YSI_Data\..\YSI_Internal\..\YSI_Core\..\YSI_Internal\..\YSI_Server\y_scriptinit.inc:236)
[13:42:19] [plugins/mysql] mysql_tquery: callback error: callback "LoadLabels" does not exist (C:\Users\vlogs\Desktop\Proiect0\pawno\include\modules\functions.pwn:20 -> C:\Users\vlogs\Desktop\Proiect0\gamemodes\fromzero.pwn:68 -> C:\Users\vlogs\Desktop\Proiect0\pawno\include\callbacks.inc:698 -> C:\Users\vlogs\Desktop\Proiect0\pawno\include\sscanf2.inc:211 -> C:\Users\vlogs\Desktop\Proiect0\pawno\include\YSI\..\YSI_Data\..\YSI_Coding\..\YSI_Internal\y_cgen.inc:114 -> C:\Users\vlogs\Desktop\Proiect0\pawno\include\YSI\..\YSI_Data\..\YSI_Internal\..\YSI_Core\..\YSI_Internal\..\YSI_Server\y_scriptinit.inc:236)
[13:42:19] [plugins/mysql] cache_get_value_name_int: invalid row index '43' (number of rows: '43') (C:\Users\vlogs\Desktop\Proiect0\pawno\include\modules\turfs.pwn:25)
[13:42:19] [plugins/mysql] cache_get_value_name_int: invalid row index '43' (number of rows: '43') (C:\Users\vlogs\Desktop\Proiect0\pawno\include\modules\turfs.pwn:26)
[13:42:19] [plugins/mysql] cache_get_value_name_float: invalid row index '43' (number of rows: '43') (C:\Users\vlogs\Desktop\Proiect0\pawno\include\modules\turfs.pwn:27)
[13:42:19] [plugins/mysql] cache_get_value_name_float: invalid row index '43' (number of rows: '43') (C:\Users\vlogs\Desktop\Proiect0\pawno\include\modules\turfs.pwn:28)
[13:42:19] [plugins/mysql] cache_get_value_name_float: invalid row index '43' (number of rows: '43') (C:\Users\vlogs\Desktop\Proiect0\pawno\include\modules\turfs.pwn:29)
[13:42:19] [plugins/mysql] cache_get_value_name_float: invalid row index '43' (number of rows: '43') (C:\Users\vlogs\Desktop\Proiect0\pawno\include\modules\turfs.pwn:30)
[13:42:19] [plugins/mysql] cache_get_value_name: field 'Color' not found (C:\Users\vlogs\Desktop\Proiect0\pawno\include\modules\clans.pwn:43)
[13:42:30] [plugins/mysql] cache_get_value_name_int: field 'Clan' not found (C:\Users\vlogs\Desktop\Proiect0\pawno\include\modules\functions.pwn:115)
[13:42:30] [plugins/mysql] cache_get_value_name_int: field 'ClanRank' not found (C:\Users\vlogs\Desktop\Proiect0\pawno\include\modules\functions.pwn:116)
[13:42:30] [plugins/mysql] cache_get_value_name_int: field 'ClanAge' not found (C:\Users\vlogs\Desktop\Proiect0\pawno\include\modules\functions.pwn:117)
[13:42:30] [plugins/mysql] cache_get_value_name_int: field 'ClanWarns' not found (C:\Users\vlogs\Desktop\Proiect0\pawno\include\modules\functions.pwn:118)
[13:42:30] [plugins/mysql] cache_get_value_name_int: field 'ClanTag' not found (C:\Users\vlogs\Desktop\Proiect0\pawno\include\modules\functions.pwn:119)
[13:52:26] [plugins/mysql] mysql_tquery: callback error: callback "LoadPickups" does not exist
[13:52:26] [plugins/mysql] mysql_tquery: callback error: callback "LoadLabels" does not exist
[13:52:26] [plugins/mysql] cache_get_value_name_int: invalid row index '43' (number of rows: '43')
[13:52:26] [plugins/mysql] cache_get_value_name_int: invalid row index '43' (number of rows: '43')
[13:52:26] [plugins/mysql] cache_get_value_name_float: invalid row index '43' (number of rows: '43')
[13:52:26] [plugins/mysql] cache_get_value_name_float: invalid row index '43' (number of rows: '43')
[13:52:26] [plugins/mysql] cache_get_value_name_float: invalid row index '43' (number of rows: '43')
[13:52:26] [plugins/mysql] cache_get_value_name_float: invalid row index '43' (number of rows: '43')
[13:52:26] [plugins/mysql] cache_get_value_name: field 'Color' not found
[13:52:38] [plugins/mysql] cache_get_value_name_int: field 'Clan' not found
[13:52:38] [plugins/mysql] cache_get_value_name_int: field 'ClanRank' not found
[13:52:38] [plugins/mysql] cache_get_value_name_int: field 'ClanAge' not found
[13:52:38] [plugins/mysql] cache_get_value_name_int: field 'ClanWarns' not found
[13:52:38] [plugins/mysql] cache_get_value_name_int: field 'ClanTag' not found
